<enum GST_STATE_READY of type GstState>
<enum GST_STATE_READY of type GstState>
<enum GST_STATE_READY of type GstState>
<enum GST_STATE_READY of type GstState>
<enum GST_STATE_READY of type GstState>
<enum GST_STATE_READY of type GstState>
<enum GST_STATE_READY of type GstState>
<enum GST_STATE_READY of type GstState>
<enum GST_STATE_READY of type GstState>
<enum GST_STATE_PAUSED of type GstState>
<enum GST_STATE_PAUSED of type GstState>
<enum GST_STATE_PAUSED of type GstState>
<enum GST_STATE_PAUSED of type GstState>
<enum GST_STATE_PAUSED of type GstState>
<0>	-53.096629, 2646.169355	0
<31744>	-46.775550, 2268.145161	0
<63488>	-39.312283, 819.052419	0
<95232>	-43.054031, 2457.157258	0
<126976>	-43.792124, 2362.651210	0
<158720>	-37.960241, 3370.715726	0
<enum GST_STATE_PAUSED of type GstState>
<enum GST_STATE_PAUSED of type GstState>
<enum GST_STATE_PAUSED of type GstState>
<enum GST_STATE_PLAYING of type GstState>
<enum GST_STATE_PLAYING of type GstState>
<enum GST_STATE_PLAYING of type GstState>
<enum GST_STATE_PLAYING of type GstState>
<enum GST_STATE_PLAYING of type GstState>
<enum GST_STATE_PLAYING of type GstState>
<enum GST_STATE_PLAYING of type GstState>
<enum GST_STATE_PAUSED of type GstState>
<enum GST_STATE_PLAYING of type GstState>
<enum GST_STATE_PLAYING of type GstState>
<190464>	-43.466345, 2929.687500	0
<222208>	-45.619021, 1953.125000	0
<253952>	-47.077331, 1638.104839	0
<285696>	-46.952156, 2709.173387	0
<317440>	-48.154831, 2583.165323	0
<349184>	-36.977983, 315.020161	0
<380928>	-42.684254, 1260.080645	0
<412672>	-44.066114, 2394.153226	0
<444416>	-48.410727, 2520.161290	0
<476160>	-33.645313, 2551.663306	1
<507904>	-40.562407, 2740.675403	0
<539648>	-46.455914, 3622.731855	0
<571392>	-43.118276, 4662.298387	0
<603136>	-43.757528, 4756.804435	0
<634880>	-44.039052, 4504.788306	0
<666624>	-45.234995, 4536.290323	0
<698368>	-46.525914, 3559.727823	0
<730112>	-49.227535, 2835.181452	0
<761856>	-48.413430, 2803.679435	0
<793600>	-49.804445, 3307.711694	0
<825344>	-50.031474, 2992.691532	0
<857088>	-51.348077, 4189.768145	0
<888832>	-51.505957, 3843.245968	0
<920576>	-42.804373, 3717.237903	0
<952320>	-26.119515, 6489.415323	1
<984064>	-24.476974, 6520.917339	1
Pushing noise spectrum update event downstream - <752320>
<1015808>	-20.698639, 3465.221774	1
<1047552>	-15.132168, 2110.635081	1
<1079296>	-14.017226, 2079.133065	1
<1111040>	-15.445952, 1165.574597	1
<1142784>	-16.507004, 1575.100806	1
<1174528>	-16.404901, 1732.610887	1
<1206272>	-17.890286, 1701.108871	1
<1238016>	-34.943757, 1165.574597	1
<1269760>	-39.858521, 2929.687500	0
<1301504>	-19.528376, 2268.145161	1
<1333248>	-18.917905, 1291.582661	1
<1364992>	-44.401549, 1921.622984	0
<1396736>	-30.882149, 4630.796371	1
<1428480>	-20.327515, 4126.764113	1
<1460224>	-16.339323, 1701.108871	1
<1491968>	-17.709360, 1449.092742	1
<1523712>	-17.541553, 1606.602823	1
<1555456>	-19.301585, 1417.590726	1
<1587200>	-19.956987, 1701.108871	1
<1618944>	-22.242207, 1827.116935	1
<1650688>	-22.871342, 2016.129032	1
<1682432>	-28.173549, 1669.606855	1
<1714176>	-33.850836, 756.048387	1
<1745920>	-38.899863, 661.542339	0
<1777664>	-40.269024, 819.052419	0
<1809408>	-42.131508, 1858.618952	0
<1841152>	-46.923597, 2646.169355	0
<1872896>	-50.039982, 3717.237903	0
<1904640>	-50.823040, 4252.772177	0
<1936384>	-50.627388, 3559.727823	0
<1968128>	-52.604598, 4158.266129	0
<1999872>	-51.529315, 4189.768145	0
<2031616>	-51.793925, 3843.245968	0
<2063360>	-50.423550, 3244.707661	0
<2095104>	-50.965596, 3307.711694	0
<2126848>	-51.985262, 4095.262097	0
<2158592>	-51.212849, 3937.752016	0
<2190336>	-34.075929, 2677.671371	1
<2222080>	-19.205342, 7339.969758	1
<2253824>	-22.194161, 6331.905242	1
<2285568>	-22.668025, 3276.209677	1
<2317312>	-13.361761, 2110.635081	1
<2349056>	-15.239713, 1543.598790	1
<2380800>	-16.059307, 1512.096774	1
<2412544>	-17.037607, 1449.092742	1
<2444288>	-17.818454, 1575.100806	1
<2476032>	-20.039410, 850.554435	1
<2507776>	-20.991821, 913.558468	1
<2539520>	-20.248638, 882.056452	1
<2571264>	-19.788352, 1197.076613	1
<2603008>	-25.659423, 819.052419	1
<2634752>	-47.863107, 5607.358871	0
<2666496>	-29.119282, 10395.665323	1
<2698240>	-29.282109, 10364.163306	1
<2729984>	-37.456118, 7465.977823	0
<2761728>	-50.386741, 5859.375000	0
<2793472>	-50.151109, 5481.350806	0
<2825216>	-50.959526, 5607.358871	0
<2856960>	-51.957614, 3937.752016	0
<2888704>	-52.187554, 3213.205645	0
<2920448>	-50.962424, 3276.209677	0
<2952192>	-28.457761, 1134.072581	1
<2983936>	-25.327543, 882.056452	1
<3015680>	-24.433951, 882.056452	1
<3047424>	-22.266961, 1071.068548	1
<3079168>	-21.399547, 1071.068548	1
<3110912>	-23.184805, 1071.068548	1
<3142656>	-26.332484, 945.060484	1
<3174400>	-30.070480, 1197.076613	1
<3206144>	-28.297196, 1606.602823	1
<3237888>	-33.030469, 2173.639113	1
<3269632>	-41.151869, 2551.663306	0
<3301376>	-47.372831, 3780.241935	0
<3333120>	-48.808452, 3843.245968	0
<3364864>	-49.555854, 4032.258065	0
<3396608>	-42.916315, 3024.193548	0
<3428352>	-48.752740, 2803.679435	0
<3460096>	-46.557885, 3591.229839	0
<3491840>	-42.131590, 2772.177419	0
<3523584>	-37.726285, 2709.173387	0
<3555328>	-39.870700, 2551.663306	0
<3587072>	-41.991214, 1197.076613	0
<3618816>	-42.954906, 2047.631048	0
<3650560>	-43.863174, 3780.241935	0
<3682304>	-46.119550, 3276.209677	0
<3714048>	-48.632548, 2709.173387	0
<3745792>	-48.741146, 3150.201613	0
<3777536>	-49.169561, 2803.679435	0
<3809280>	-49.977145, 2929.687500	0
<3841024>	-50.129829, 2835.181452	0
<3872768>	-49.992311, 2929.687500	0
<3904512>	-50.552004, 2961.189516	0
<3936256>	-50.069558, 2488.659274	0
<3968000>	-50.314622, 2898.185484	0
<3999744>	-50.437039, 2646.169355	0
<4031488>	-51.216251, 2740.675403	0
<4063232>	-51.971628, 3370.715726	0
<4094976>	-52.500791, 3087.197581	0
<4126720>	-51.170150, 2709.173387	0
<4158464>	-52.432348, 2772.177419	0
<4190208>	-51.908718, 2961.189516	0
<4221952>	-51.455172, 3118.699597	0
<4253696>	-48.902437, 2425.655242	0
End of Active Speech detected
Posting application message
Action: Pushing downstream event to trigger recognition
<4285440>	-50.381249, 2268.145161	0
<4317184>	-50.180676, 2268.145161	0
<4348928>	-50.268859, 2709.173387	0
<4380672>	-51.441803, 3339.213710	0
<4412416>	-51.376359, 3213.205645	0
<4444160>	-51.963796, 3213.205645	0
<4475904>	-52.315970, 3213.205645	0
<4507648>	-49.839985, 2866.683468	0
<4539392>	-49.828216, 2929.687500	0
<4571136>	-51.294719, 3024.193548	0
<4602880>	-51.638988, 3055.695565	0
<4634624>	-48.389047, 2457.157258	0
<4666368>	-50.180963, 3748.739919	0
<4698112>	-49.281582, 3150.201613	0
<4729856>	-49.256771, 2457.157258	0
<4761600>	-50.115866, 2551.663306	0
<4793344>	-48.663161, 3087.197581	0
<4825088>	-50.302239, 3370.715726	0
<4856832>	-49.550450, 4095.262097	0
<4888576>	-47.741437, 3811.743952	0
<4920320>	-48.351445, 3811.743952	0
<4952064>	-50.190809, 3717.237903	0
<4983808>	-49.634498, 4284.274194	0
<5015552>	-51.507336, 3906.250000	0
<5047296>	-51.565910, 3969.254032	0
<5079040>	-51.378450, 3307.711694	0
<5110784>	-51.682356, 3622.731855	0
<5142528>	-51.932422, 3339.213710	0
<5174272>	-49.070700, 2362.651210	0
<5206016>	-46.417359, 1890.120968	0
<5237760>	-48.781795, 3087.197581	0
<5269504>	-46.733686, 2520.161290	0
<5301248>	-48.155002, 2551.663306	0
<5332992>	-49.390933, 3276.209677	0
<5364736>	-49.889087, 3559.727823	0
<5396480>	-49.523520, 3276.209677	0
<5428224>	-49.482060, 3055.695565	0
<5459968>	-49.474076, 3591.229839	0
<5491712>	-49.043051, 3150.201613	0
<5523456>	-51.345367, 3370.715726	0
<5555200>	-49.547212, 2740.675403	0
<5586944>	-50.254093, 3906.250000	0
<5618688>	-51.191496, 3024.193548	0
<5650432>	-51.363775, 2961.189516	0
<5682176>	-51.235901, 2614.667339	0
<5713920>	-51.554738, 4095.262097	0
<5745664>	-50.156443, 3748.739919	0
<5777408>	-49.929530, 3024.193548	0
<5809152>	-50.351362, 3087.197581	0
<5840896>	-50.694624, 3969.254032	0
<5872640>	-50.261851, 4315.776210	0
<5904384>	-49.894862, 3087.197581	0
<5936128>	-50.642504, 3118.699597	0
<5967872>	-49.236054, 2457.157258	0
<5999616>	-50.503660, 4756.804435	0
<6031360>	-50.485482, 4536.290323	0
<6063104>	-50.890964, 3811.743952	0
<6094848>	-49.892268, 3370.715726	0
<6126592>	-49.115215, 3402.217742	0
<6158336>	-49.580443, 3150.201613	0
<6190080>	-49.478249, 3118.699597	0
<6221824>	-48.951367, 3874.747984	0
<6253568>	-48.967870, 3055.695565	0
<6285312>	-48.501389, 2709.173387	0
<6317056>	-49.285133, 2772.177419	0
<6348800>	-50.796072, 3276.209677	0
<6380544>	-49.937780, 2992.691532	0
<6412288>	-49.621517, 2898.185484	0
<6444032>	-50.941713, 3213.205645	0
<6475776>	-51.032245, 3433.719758	0
<6507520>	-50.766083, 2866.683468	0
<6539264>	-50.932462, 2646.169355	0
<6571008>	-52.251687, 3559.727823	0
<6602752>	-50.104353, 2551.663306	0
<6634496>	-50.991176, 2992.691532	0
<6666240>	-51.205481, 3559.727823	0
<6697984>	-51.168421, 3528.225806	0
<6729728>	-52.343881, 3213.205645	0
<6761472>	-51.307990, 3339.213710	0
<6793216>	-51.809406, 3402.217742	0
<6824960>	-51.698714, 3402.217742	0
<6856704>	-51.922635, 3654.233871	0
<6888448>	-50.541170, 2929.687500	0
<6920192>	-51.181405, 4378.780242	0
<6951936>	-51.834478, 3591.229839	0
<6983680>	-47.407192, 2110.635081	0
<7015424>	-42.342821, 1291.582661	0
<7047168>	-51.419601, 3307.711694	0
<7078912>	-50.453459, 2835.181452	0
<7110656>	-50.050964, 3213.205645	0
<7142400>	-51.258263, 3622.731855	0
<7174144>	-51.423683, 3433.719758	0
<7205888>	-45.966545, 1827.116935	0
<7237632>	-45.815098, 2709.173387	0
<7269376>	-39.812291, 2488.659274	0
<7301120>	-41.973736, 3528.225806	0
<7332864>	-43.491490, 4284.274194	0
<7364608>	-45.667722, 3591.229839	0
<7396352>	-43.194960, 1890.120968	0
<7428096>	-44.513504, 1953.125000	0
<7459840>	-45.627523, 3213.205645	0
<7491584>	-47.225645, 2205.141129	0
<7523328>	-51.094258, 3087.197581	0
<7555072>	-49.841303, 3433.719758	0
<7586816>	-49.541330, 2520.161290	0
<7618560>	-51.499884, 4252.772177	0
<7650304>	-49.453834, 3874.747984	0
<7682048>	-48.990277, 4410.282258	0
<7713792>	-47.545367, 5103.326613	0
<7745536>	-49.480016, 4567.792339	0
<7777280>	-51.902433, 4441.784274	0
<7809024>	-52.908298, 4504.788306	0
<7840768>	-49.028257, 3591.229839	0
<7872512>	-50.461258, 3654.233871	0
<7904256>	-48.983041, 5323.840726	0
<7936000>	-37.577677, 5922.379032	0
<7967744>	-19.757179, 7150.957661	1
<7999488>	-18.381527, 6552.419355	1
Pushing noise spectrum update event downstream - <7767744>
<8031232>	-18.248553, 3654.233871	1
<8062976>	-12.714997, 1512.096774	1
<8094720>	-15.092649, 1323.084677	1
<8126464>	-15.557351, 976.562500	1
<8158208>	-17.093772, 913.558468	1
<8189952>	-17.949453, 882.056452	1
<8221696>	-17.466265, 945.060484	1
<8253440>	-16.431643, 976.562500	1
<8285184>	-19.374629, 1039.566532	1
<8316928>	-43.640602, 2740.675403	0
<8348672>	-24.471082, 6835.937500	1
<8380416>	-30.492506, 6331.905242	1
<8412160>	-24.391429, 2205.141129	1
<8443904>	-18.670105, 1669.606855	1
<8475648>	-20.244113, 1701.108871	1
<8507392>	-23.627788, 1102.570565	1
<8539136>	-29.156696, 409.526210	1
<8570880>	-29.028600, 472.530242	1
<8602624>	-24.108425, 945.060484	1
<8634368>	-28.639752, 3370.715726	1
<8666112>	-30.326973, 9797.127016	1
<8697856>	-27.307168, 4315.776210	1
<8729600>	-23.391570, 1071.068548	1
<8761344>	-23.178481, 1323.084677	1
<8793088>	-23.235404, 1827.116935	1
<8824832>	-27.601702, 3087.197581	1
<8856576>	-37.519001, 2362.651210	0
<8888320>	-39.325715, 2992.691532	0
<8920064>	-29.905241, 1543.598790	1
<8951808>	-25.443114, 2551.663306	1
<8983552>	-24.090551, 2016.129032	1
<9015296>	-27.430547, 2583.165323	1
<9047040>	-29.560542, 1953.125000	1
<9078784>	-36.956517, 1606.602823	0
<9110528>	-38.989826, 2488.659274	0
<9142272>	-44.268625, 4914.314516	0
<9174016>	-42.949588, 7560.483871	0
<9205760>	-42.689084, 7087.953629	0
<9237504>	-46.601009, 5575.856855	0
<9269248>	-50.840255, 4441.784274	0
<9300992>	-45.609750, 3559.727823	0
<9332736>	-44.104612, 2929.687500	0
<9364480>	-51.241326, 3528.225806	0
<9396224>	-48.978381, 2992.691532	0
<9427968>	-44.004041, 3276.209677	0
<9459712>	-39.920290, 2866.683468	0
<9491456>	-44.860440, 2992.691532	0
<9523200>	-44.338196, 3402.217742	0
<9554944>	-46.457779, 3843.245968	0
<9586688>	-49.731230, 3559.727823	0
<9618432>	-47.904304, 3559.727823	0
<9650176>	-48.487912, 3622.731855	0
<9681920>	-49.403707, 4158.266129	0
<9713664>	-51.004632, 3843.245968	0
<9745408>	-50.480702, 3433.719758	0
<9777152>	-50.506805, 3213.205645	0
<9808896>	-51.764773, 3213.205645	0
<9840640>	-52.727159, 3685.735887	0
<9872384>	-53.165690, 3244.707661	0
<9904128>	-52.589819, 3307.711694	0
<9935872>	-53.167665, 3244.707661	0
<9967616>	-51.612127, 3087.197581	0
<9999360>	-51.464468, 3717.237903	0
<10031104>	-49.516486, 4063.760081	0
<10062848>	-47.895939, 4599.294355	0
End of Active Speech detected
Posting application message
Action: Pushing downstream event to trigger recognition
<10094592>	-51.070415, 4315.776210	0
<10126336>	-53.546689, 4000.756048	0
<10158080>	-52.513153, 3622.731855	0
<10189824>	-52.099014, 3717.237903	0
<10221568>	-51.079724, 2614.667339	0
<10253312>	-50.675443, 2835.181452	0
<10285056>	-51.278129, 2992.691532	0
<10316800>	-51.303781, 3370.715726	0
<10348544>	-49.361228, 2205.141129	0
<10380288>	-50.285533, 3591.229839	0
<10412032>	-50.855446, 2866.683468	0
<10443776>	-49.769535, 2740.675403	0
<10475520>	-51.187208, 2866.683468	0
<10507264>	-51.373533, 3024.193548	0
<10539008>	-52.023268, 2929.687500	0
<10570752>	-49.658955, 2677.671371	0
<10602496>	-51.026798, 2772.177419	0
<10634240>	-49.897831, 2772.177419	0
<10665984>	-52.643952, 3339.213710	0
<10697728>	-50.074135, 2488.659274	0
<10729472>	-52.290475, 3402.217742	0
<10761216>	-50.695835, 3024.193548	0
<10792960>	-51.698562, 3339.213710	0
<10824704>	-50.611954, 2772.177419	0
<10856448>	-53.208693, 3276.209677	0
<10888192>	-51.819610, 2677.671371	0
<10919936>	-51.319484, 2898.185484	0
<10951680>	-51.466748, 3181.703629	0
<10983424>	-52.029470, 2488.659274	0
<11015168>	-50.859733, 3874.747984	0
<11046912>	-51.442532, 3307.711694	0
<11078656>	-52.328765, 3433.719758	0
<11110400>	-50.855300, 2709.173387	0
<11142144>	-51.518519, 2929.687500	0
<11173888>	-52.894987, 3496.723790	0
<11205632>	-52.318624, 3591.229839	0
<11237376>	-52.046837, 3717.237903	0
<11269120>	-51.445365, 3150.201613	0
<11300864>	-53.249669, 3339.213710	0
<11332608>	-53.597186, 3528.225806	0
<11364352>	-52.384772, 3654.233871	0
<11396096>	-51.769928, 2772.177419	0
<11427840>	-52.438239, 2961.189516	0
<11459584>	-52.423028, 3874.747984	0
<11491328>	-52.050666, 3402.217742	0
