This file contains any messages produced by compilers while
running configure, to aid debugging if configure makes a mistake.

It was created by configure, which was
generated by GNU Autoconf 2.63.  Invocation command line was

  $ ./configure --prefix=/usr

## --------- ##
## Platform. ##
## --------- ##

hostname = tbh-netbook-01
uname -m = i686
uname -r = 2.6.32-28-generic
uname -s = Linux
uname -v = #55-Ubuntu SMP Mon Jan 10 21:21:01 UTC 2011

/usr/bin/uname -p = unknown
/bin/uname -X     = unknown

/bin/arch              = unknown
/usr/bin/arch -k       = unknown
/usr/convex/getsysinfo = unknown
/usr/bin/hostinfo      = unknown
/bin/machine           = unknown
/usr/bin/oslevel       = unknown
/bin/universe          = unknown

PATH: /home/tbh/sls/bin
PATH: /usr/local/sbin
PATH: /usr/local/bin
PATH: /usr/sbin
PATH: /usr/bin
PATH: /sbin
PATH: /bin
PATH: /usr/games


## ----------- ##
## Core tests. ##
## ----------- ##

configure:2081: configuring gstSAD for development with nano 2
configure:2120: checking whether to enable maintainer-specific portions of Makefiles
configure:2129: result: no
configure:2190: checking for a BSD-compatible install
configure:2258: result: /usr/bin/install -c
configure:2269: checking whether build environment is sane
configure:2312: result: yes
configure:2337: checking for a thread-safe mkdir -p
configure:2376: result: /bin/mkdir -p
configure:2389: checking for gawk
configure:2405: found /usr/bin/gawk
configure:2416: result: gawk
configure:2427: checking whether make sets $(MAKE)
configure:2449: result: yes
configure:2688: checking for gcc
configure:2704: found /usr/bin/gcc
configure:2715: result: gcc
configure:2947: checking for C compiler version
configure:2955: gcc --version >&5
gcc (Ubuntu 4.4.3-4ubuntu5) 4.4.3
Copyright (C) 2009 Free Software Foundation, Inc.
This is free software; see the source for copying conditions.  There is NO
warranty; not even for MERCHANTABILITY or FITNESS FOR A PARTICULAR PURPOSE.

configure:2959: $? = 0
configure:2966: gcc -v >&5
Using built-in specs.
Target: i486-linux-gnu
Configured with: ../src/configure -v --with-pkgversion='Ubuntu 4.4.3-4ubuntu5' --with-bugurl=file:///usr/share/doc/gcc-4.4/README.Bugs --enable-languages=c,c++,fortran,objc,obj-c++ --prefix=/usr --enable-shared --enable-multiarch --enable-linker-build-id --with-system-zlib --libexecdir=/usr/lib --without-included-gettext --enable-threads=posix --with-gxx-include-dir=/usr/include/c++/4.4 --program-suffix=-4.4 --enable-nls --enable-clocale=gnu --enable-libstdcxx-debug --enable-plugin --enable-objc-gc --enable-targets=all --disable-werror --with-arch-32=i486 --with-tune=generic --enable-checking=release --build=i486-linux-gnu --host=i486-linux-gnu --target=i486-linux-gnu
Thread model: posix
gcc version 4.4.3 (Ubuntu 4.4.3-4ubuntu5) 
configure:2970: $? = 0
configure:2977: gcc -V >&5
gcc: '-V' option must have argument
configure:2981: $? = 1
configure:3004: checking for C compiler default output file name
configure:3026: gcc    conftest.c  >&5
configure:3030: $? = 0
configure:3068: result: a.out
configure:3087: checking whether the C compiler works
configure:3097: ./a.out
configure:3101: $? = 0
configure:3120: result: yes
configure:3127: checking whether we are cross compiling
configure:3129: result: no
configure:3132: checking for suffix of executables
configure:3139: gcc -o conftest    conftest.c  >&5
configure:3143: $? = 0
configure:3169: result: 
configure:3175: checking for suffix of object files
configure:3201: gcc -c   conftest.c >&5
configure:3205: $? = 0
configure:3230: result: o
configure:3234: checking whether we are using the GNU C compiler
configure:3263: gcc -c   conftest.c >&5
configure:3270: $? = 0
configure:3287: result: yes
configure:3296: checking whether gcc accepts -g
configure:3326: gcc -c -g  conftest.c >&5
configure:3333: $? = 0
configure:3434: result: yes
configure:3451: checking for gcc option to accept ISO C89
configure:3525: gcc  -c -g -O2  conftest.c >&5
configure:3532: $? = 0
configure:3555: result: none needed
configure:3584: checking for style of include used by make
configure:3612: result: GNU
configure:3637: checking dependency style of gcc
configure:3728: result: gcc3
configure:3774: checking build system type
configure:3792: result: i686-pc-linux-gnu
configure:3814: checking host system type
configure:3829: result: i686-pc-linux-gnu
configure:3851: checking for a sed that does not truncate output
configure:3917: result: /bin/sed
configure:3935: checking for grep that handles long lines and -e
configure:3995: result: /bin/grep
configure:4000: checking for egrep
configure:4064: result: /bin/grep -E
configure:4069: checking for fgrep
configure:4133: result: /bin/grep -F
configure:4168: checking for ld used by gcc
configure:4235: result: /usr/bin/ld
configure:4244: checking if the linker (/usr/bin/ld) is GNU ld
configure:4259: result: yes
configure:4271: checking for BSD- or MS-compatible name lister (nm)
configure:4320: result: /usr/bin/nm -B
configure:4438: checking the name lister (/usr/bin/nm -B) interface
configure:4445: gcc -c -g -O2  conftest.c >&5
configure:4448: /usr/bin/nm -B "conftest.o"
configure:4451: output
00000000 B some_variable
configure:4458: result: BSD nm
configure:4461: checking whether ln -s works
configure:4465: result: yes
configure:4473: checking the maximum length of command line arguments
configure:4593: result: 1572864
configure:4610: checking whether the shell understands some XSI constructs
configure:4620: result: yes
configure:4624: checking whether the shell understands "+="
configure:4630: result: yes
configure:4665: checking for /usr/bin/ld option to reload object files
configure:4672: result: -r
configure:4741: checking for objdump
configure:4757: found /usr/bin/objdump
configure:4768: result: objdump
configure:4800: checking how to recognize dependent libraries
configure:4996: result: pass_all
configure:5056: checking for ar
configure:5072: found /usr/bin/ar
configure:5083: result: ar
configure:5161: checking for strip
configure:5177: found /usr/bin/strip
configure:5188: result: strip
configure:5260: checking for ranlib
configure:5276: found /usr/bin/ranlib
configure:5287: result: ranlib
configure:5377: checking command to parse /usr/bin/nm -B output from gcc object
configure:5495: gcc -c -g -O2  conftest.c >&5
configure:5498: $? = 0
configure:5502: /usr/bin/nm -B conftest.o \| sed -n -e 's/^.*[	 ]\([ABCDGIRSTW][ABCDGIRSTW]*\)[	 ][	 ]*\([_A-Za-z][_A-Za-z0-9]*\)$/\1 \2 \2/p' \> conftest.nm
configure:5505: $? = 0
configure:5559: gcc -o conftest -g -O2   conftest.c conftstm.o >&5
configure:5562: $? = 0
configure:5600: result: ok
configure:6467: checking how to run the C preprocessor
configure:6507: gcc -E  conftest.c
configure:6514: $? = 0
configure:6545: gcc -E  conftest.c
conftest.c:14:28: error: ac_nonexistent.h: No such file or directory
configure:6552: $? = 1
configure: failed program was:
| /* confdefs.h.  */
| #define PACKAGE_NAME ""
| #define PACKAGE_TARNAME ""
| #define PACKAGE_VERSION ""
| #define PACKAGE_STRING ""
| #define PACKAGE_BUGREPORT ""
| #define GST_SAD_VERSION "0.2.9.2"
| #define GST_SAD_VERSION_RELEASE "0.20110327.135016"
| #define PACKAGE "gstSAD"
| #define VERSION "0.2.9.2"
| #define PACKAGE "gstSAD"
| #define VERSION "0.2.9.2"
| /* end confdefs.h.  */
| #include <ac_nonexistent.h>
configure:6585: result: gcc -E
configure:6614: gcc -E  conftest.c
configure:6621: $? = 0
configure:6652: gcc -E  conftest.c
conftest.c:14:28: error: ac_nonexistent.h: No such file or directory
configure:6659: $? = 1
configure: failed program was:
| /* confdefs.h.  */
| #define PACKAGE_NAME ""
| #define PACKAGE_TARNAME ""
| #define PACKAGE_VERSION ""
| #define PACKAGE_STRING ""
| #define PACKAGE_BUGREPORT ""
| #define GST_SAD_VERSION "0.2.9.2"
| #define GST_SAD_VERSION_RELEASE "0.20110327.135016"
| #define PACKAGE "gstSAD"
| #define VERSION "0.2.9.2"
| #define PACKAGE "gstSAD"
| #define VERSION "0.2.9.2"
| /* end confdefs.h.  */
| #include <ac_nonexistent.h>
configure:6699: checking for ANSI C header files
configure:6729: gcc -c -g -O2  conftest.c >&5
configure:6736: $? = 0
configure:6835: gcc -o conftest -g -O2   conftest.c  >&5
configure:6839: $? = 0
configure:6845: ./conftest
configure:6849: $? = 0
configure:6867: result: yes
configure:6891: checking for sys/types.h
configure:6912: gcc -c -g -O2  conftest.c >&5
configure:6919: $? = 0
configure:6936: result: yes
configure:6891: checking for sys/stat.h
configure:6912: gcc -c -g -O2  conftest.c >&5
configure:6919: $? = 0
configure:6936: result: yes
configure:6891: checking for stdlib.h
configure:6912: gcc -c -g -O2  conftest.c >&5
configure:6919: $? = 0
configure:6936: result: yes
configure:6891: checking for string.h
configure:6912: gcc -c -g -O2  conftest.c >&5
configure:6919: $? = 0
configure:6936: result: yes
configure:6891: checking for memory.h
configure:6912: gcc -c -g -O2  conftest.c >&5
configure:6919: $? = 0
configure:6936: result: yes
configure:6891: checking for strings.h
configure:6912: gcc -c -g -O2  conftest.c >&5
configure:6919: $? = 0
configure:6936: result: yes
configure:6891: checking for inttypes.h
configure:6912: gcc -c -g -O2  conftest.c >&5
configure:6919: $? = 0
configure:6936: result: yes
configure:6891: checking for stdint.h
configure:6912: gcc -c -g -O2  conftest.c >&5
configure:6919: $? = 0
configure:6936: result: yes
configure:6891: checking for unistd.h
configure:6912: gcc -c -g -O2  conftest.c >&5
configure:6919: $? = 0
configure:6936: result: yes
configure:6954: checking for dlfcn.h
configure:6975: gcc -c -g -O2  conftest.c >&5
configure:6982: $? = 0
configure:6999: result: yes
configure:7185: checking for objdir
configure:7200: result: .libs
configure:7492: checking if gcc supports -fno-rtti -fno-exceptions
configure:7510: gcc -c -g -O2  -fno-rtti -fno-exceptions conftest.c >&5
cc1: warning: command line option "-fno-rtti" is valid for C++/ObjC++ but not for C
configure:7514: $? = 0
configure:7527: result: no
configure:7547: checking for gcc option to produce PIC
configure:7819: result: -fPIC -DPIC
configure:7831: checking if gcc PIC flag -fPIC -DPIC works
configure:7849: gcc -c -g -O2  -fPIC -DPIC -DPIC conftest.c >&5
configure:7853: $? = 0
configure:7866: result: yes
configure:7890: checking if gcc static flag -static works
configure:7918: result: yes
configure:7933: checking if gcc supports -c -o file.o
configure:7954: gcc -c -g -O2  -o out/conftest2.o conftest.c >&5
configure:7958: $? = 0
configure:7980: result: yes
configure:7988: checking if gcc supports -c -o file.o
configure:8035: result: yes
configure:8068: checking whether the gcc linker (/usr/bin/ld) supports shared libraries
configure:9143: result: yes
configure:9180: checking whether -lc should be explicitly linked in
configure:9185: gcc -c -g -O2  conftest.c >&5
configure:9188: $? = 0
configure:9203: gcc -shared conftest.o  -v -Wl,-soname -Wl,conftest -o conftest 2\>\&1 \| /bin/grep  -lc  \>/dev/null 2\>\&1
configure:9206: $? = 0
configure:9218: result: no
configure:9382: checking dynamic linker characteristics
configure:9825: gcc -o conftest -g -O2   -Wl,-rpath -Wl,/foo conftest.c  >&5
configure:9832: $? = 0
configure:10077: result: GNU/Linux ld.so
configure:10179: checking how to hardcode library paths into programs
configure:10204: result: immediate
configure:11037: checking whether stripping libraries is possible
configure:11042: result: yes
configure:11077: checking if libtool supports shared libraries
configure:11079: result: yes
configure:11082: checking whether to build shared libraries
configure:11103: result: yes
configure:11106: checking whether to build static libraries
configure:11110: result: yes
configure:11148: checking to see if compiler understands -Wall
configure:11175: gcc -c -g -O2 -Wall  conftest.c >&5
configure:11182: $? = 0
configure:11205: result: yes
configure:11279: checking for pkg-config
configure:11295: found /usr/bin/pkg-config
configure:11307: result: yes
configure:11373: checking for pkg-config
configure:11391: found /usr/bin/pkg-config
configure:11403: result: /usr/bin/pkg-config
configure:11428: checking pkg-config is at least version 0.9.0
configure:11431: result: yes
configure:11442: checking for GST
configure:11451: $PKG_CONFIG --exists --print-errors "\
  gstreamer-$GST_MAJORMINOR >= $GST_REQUIRED"
configure:11455: $? = 0
configure:11472: $PKG_CONFIG --exists --print-errors "\
  gstreamer-$GST_MAJORMINOR >= $GST_REQUIRED"
configure:11476: $? = 0
configure:11515: result: yes
configure:11535: checking for GST_BASE
configure:11543: $PKG_CONFIG --exists --print-errors "gstreamer-base-$GST_MAJORMINOR >= $GST_REQUIRED"
configure:11546: $? = 0
configure:11561: $PKG_CONFIG --exists --print-errors "gstreamer-base-$GST_MAJORMINOR >= $GST_REQUIRED"
configure:11564: $? = 0
configure:11600: result: yes
configure:11615: checking for GSTPB_BASE
configure:11623: $PKG_CONFIG --exists --print-errors "gstreamer-plugins-base-$GST_MAJORMINOR >= $GSTPB_REQUIRED"
configure:11626: $? = 0
configure:11641: $PKG_CONFIG --exists --print-errors "gstreamer-plugins-base-$GST_MAJORMINOR >= $GSTPB_REQUIRED"
configure:11644: $? = 0
configure:11680: result: yes
configure:11695: checking for GSTCTRL
configure:11703: $PKG_CONFIG --exists --print-errors "gstreamer-controller-$GST_MAJORMINOR >= $GSTPB_REQUIRED"
configure:11706: $? = 0
configure:11721: $PKG_CONFIG --exists --print-errors "gstreamer-controller-$GST_MAJORMINOR >= $GSTPB_REQUIRED"
configure:11724: $? = 0
configure:11760: result: yes
configure:11781: checking for cos in -lm
configure:11816: gcc -o conftest -g -O2   conftest.c -lm   >&5
conftest.c:33: warning: conflicting types for built-in function 'cos'
configure:11823: $? = 0
configure:11844: result: yes
configure:11856: checking for cblas_dgemm in -lgslcblas
configure:11891: gcc -o conftest -g -O2   conftest.c -lgslcblas  -lm  >&5
configure:11898: $? = 0
configure:11919: result: yes
configure:11931: checking for gsl_blas_dgemm in -lgsl
configure:11966: gcc -o conftest -g -O2   conftest.c -lgsl  -lgslcblas -lm  >&5
configure:11973: $? = 0
configure:11994: result: yes
configure:12008: checking for GSL
configure:12016: $PKG_CONFIG --exists --print-errors "gsl"
configure:12019: $? = 0
configure:12034: $PKG_CONFIG --exists --print-errors "gsl"
configure:12037: $? = 0
configure:12115: result: yes
configure:12248: creating ./config.status

## ---------------------- ##
## Running config.status. ##
## ---------------------- ##

This file was extended by config.status, which was
generated by GNU Autoconf 2.63.  Invocation command line was

  CONFIG_FILES    = 
  CONFIG_HEADERS  = 
  CONFIG_LINKS    = 
  CONFIG_COMMANDS = 
  $ ./config.status 

on tbh-netbook-01

config.status:1015: creating Makefile
config.status:1015: creating m4/Makefile
config.status:1015: creating src/Makefile
config.status:1015: creating config.h
config.status:1289: executing depfiles commands
config.status:1289: executing libtool commands

## ---------------- ##
## Cache variables. ##
## ---------------- ##

ac_cv_build=i686-pc-linux-gnu
ac_cv_c_compiler_gnu=yes
ac_cv_env_CC_set=
ac_cv_env_CC_value=
ac_cv_env_CFLAGS_set=
ac_cv_env_CFLAGS_value=
ac_cv_env_CPPFLAGS_set=
ac_cv_env_CPPFLAGS_value=
ac_cv_env_CPP_set=
ac_cv_env_CPP_value=
ac_cv_env_GSL_CFLAGS_set=
ac_cv_env_GSL_CFLAGS_value=
ac_cv_env_GSL_LIBS_set=
ac_cv_env_GSL_LIBS_value=
ac_cv_env_GSTCTRL_CFLAGS_set=
ac_cv_env_GSTCTRL_CFLAGS_value=
ac_cv_env_GSTCTRL_LIBS_set=
ac_cv_env_GSTCTRL_LIBS_value=
ac_cv_env_GSTPB_BASE_CFLAGS_set=
ac_cv_env_GSTPB_BASE_CFLAGS_value=
ac_cv_env_GSTPB_BASE_LIBS_set=
ac_cv_env_GSTPB_BASE_LIBS_value=
ac_cv_env_GST_BASE_CFLAGS_set=
ac_cv_env_GST_BASE_CFLAGS_value=
ac_cv_env_GST_BASE_LIBS_set=
ac_cv_env_GST_BASE_LIBS_value=
ac_cv_env_GST_CFLAGS_set=
ac_cv_env_GST_CFLAGS_value=
ac_cv_env_GST_LIBS_set=
ac_cv_env_GST_LIBS_value=
ac_cv_env_LDFLAGS_set=
ac_cv_env_LDFLAGS_value=
ac_cv_env_LIBS_set=
ac_cv_env_LIBS_value=
ac_cv_env_PKG_CONFIG_set=
ac_cv_env_PKG_CONFIG_value=
ac_cv_env_build_alias_set=
ac_cv_env_build_alias_value=
ac_cv_env_host_alias_set=
ac_cv_env_host_alias_value=
ac_cv_env_target_alias_set=
ac_cv_env_target_alias_value=
ac_cv_header_dlfcn_h=yes
ac_cv_header_inttypes_h=yes
ac_cv_header_memory_h=yes
ac_cv_header_stdc=yes
ac_cv_header_stdint_h=yes
ac_cv_header_stdlib_h=yes
ac_cv_header_string_h=yes
ac_cv_header_strings_h=yes
ac_cv_header_sys_stat_h=yes
ac_cv_header_sys_types_h=yes
ac_cv_header_unistd_h=yes
ac_cv_host=i686-pc-linux-gnu
ac_cv_lib_gsl_gsl_blas_dgemm=yes
ac_cv_lib_gslcblas_cblas_dgemm=yes
ac_cv_lib_m_cos=yes
ac_cv_objext=o
ac_cv_path_EGREP='/bin/grep -E'
ac_cv_path_FGREP='/bin/grep -F'
ac_cv_path_GREP=/bin/grep
ac_cv_path_SED=/bin/sed
ac_cv_path_ac_pt_PKG_CONFIG=/usr/bin/pkg-config
ac_cv_path_install='/usr/bin/install -c'
ac_cv_path_mkdir=/bin/mkdir
ac_cv_prog_AWK=gawk
ac_cv_prog_CPP='gcc -E'
ac_cv_prog_HAVE_PKGCONFIG=yes
ac_cv_prog_ac_ct_AR=ar
ac_cv_prog_ac_ct_CC=gcc
ac_cv_prog_ac_ct_OBJDUMP=objdump
ac_cv_prog_ac_ct_RANLIB=ranlib
ac_cv_prog_ac_ct_STRIP=strip
ac_cv_prog_cc_c89=
ac_cv_prog_cc_g=yes
ac_cv_prog_make_make_set=yes
am_cv_CC_dependencies_compiler_type=gcc3
lt_cv_deplibs_check_method=pass_all
lt_cv_file_magic_cmd='$MAGIC_CMD'
lt_cv_file_magic_test_file=
lt_cv_ld_reload_flag=-r
lt_cv_nm_interface='BSD nm'
lt_cv_objdir=.libs
lt_cv_path_LD=/usr/bin/ld
lt_cv_path_NM='/usr/bin/nm -B'
lt_cv_prog_compiler_c_o=yes
lt_cv_prog_compiler_pic_works=yes
lt_cv_prog_compiler_rtti_exceptions=no
lt_cv_prog_compiler_static_works=yes
lt_cv_prog_gnu_ld=yes
lt_cv_sys_global_symbol_pipe='sed -n -e '\''s/^.*[	 ]\([ABCDGIRSTW][ABCDGIRSTW]*\)[	 ][	 ]*\([_A-Za-z][_A-Za-z0-9]*\)$/\1 \2 \2/p'\'''
lt_cv_sys_global_symbol_to_c_name_address='sed -n -e '\''s/^: \([^ ]*\) $/  {\"\1\", (void *) 0},/p'\'' -e '\''s/^[ABCDGIRSTW]* \([^ ]*\) \([^ ]*\)$/  {"\2", (void *) \&\2},/p'\'''
lt_cv_sys_global_symbol_to_c_name_address_lib_prefix='sed -n -e '\''s/^: \([^ ]*\) $/  {\"\1\", (void *) 0},/p'\'' -e '\''s/^[ABCDGIRSTW]* \([^ ]*\) \(lib[^ ]*\)$/  {"\2", (void *) \&\2},/p'\'' -e '\''s/^[ABCDGIRSTW]* \([^ ]*\) \([^ ]*\)$/  {"lib\2", (void *) \&\2},/p'\'''
lt_cv_sys_global_symbol_to_cdecl='sed -n -e '\''s/^T .* \(.*\)$/extern int \1();/p'\'' -e '\''s/^[ABCDGIRSTW]* .* \(.*\)$/extern char \1;/p'\'''
lt_cv_sys_max_cmd_len=1572864
pkg_cv_GSL_CFLAGS=' '
pkg_cv_GSL_LIBS='-lgsl -lgslcblas -lm  '
pkg_cv_GSTCTRL_CFLAGS='-pthread -I/usr/include/gstreamer-0.10 -I/usr/include/glib-2.0 -I/usr/lib/glib-2.0/include -I/usr/include/libxml2  '
pkg_cv_GSTCTRL_LIBS='-pthread -lgstcontroller-0.10 -lgstreamer-0.10 -lgobject-2.0 -lgmodule-2.0 -lxml2 -lgthread-2.0 -lrt -lglib-2.0  '
pkg_cv_GSTPB_BASE_CFLAGS='-pthread -I/usr/include/gstreamer-0.10 -I/usr/include/glib-2.0 -I/usr/lib/glib-2.0/include -I/usr/include/libxml2  '
pkg_cv_GSTPB_BASE_LIBS='-pthread -lgstreamer-0.10 -lgobject-2.0 -lgmodule-2.0 -lxml2 -lgthread-2.0 -lrt -lglib-2.0  '
pkg_cv_GST_BASE_CFLAGS='-pthread -I/usr/include/gstreamer-0.10 -I/usr/include/glib-2.0 -I/usr/lib/glib-2.0/include -I/usr/include/libxml2  '
pkg_cv_GST_BASE_LIBS='-pthread -lgstbase-0.10 -lgstreamer-0.10 -lgobject-2.0 -lgmodule-2.0 -lxml2 -lgthread-2.0 -lrt -lglib-2.0  '
pkg_cv_GST_CFLAGS='-pthread -I/usr/include/gstreamer-0.10 -I/usr/include/glib-2.0 -I/usr/lib/glib-2.0/include -I/usr/include/libxml2  '
pkg_cv_GST_LIBS='-pthread -lgstreamer-0.10 -lgobject-2.0 -lgmodule-2.0 -lxml2 -lgthread-2.0 -lrt -lglib-2.0  '

## ----------------- ##
## Output variables. ##
## ----------------- ##

ACLOCAL='${SHELL} /home/tbh/tbh/code/trunk/tbh_speech_activity_detector/src/gstSAD-0.2.9.2/missing --run aclocal-1.10'
ACLOCAL_AMFLAGS='-I m4'
AMDEPBACKSLASH='\'
AMDEP_FALSE='#'
AMDEP_TRUE=''
AMTAR='${SHELL} /home/tbh/tbh/code/trunk/tbh_speech_activity_detector/src/gstSAD-0.2.9.2/missing --run tar'
AR='ar'
AUTOCONF='${SHELL} /home/tbh/tbh/code/trunk/tbh_speech_activity_detector/src/gstSAD-0.2.9.2/missing --run autoconf'
AUTOHEADER='${SHELL} /home/tbh/tbh/code/trunk/tbh_speech_activity_detector/src/gstSAD-0.2.9.2/missing --run autoheader'
AUTOMAKE='${SHELL} /home/tbh/tbh/code/trunk/tbh_speech_activity_detector/src/gstSAD-0.2.9.2/missing --run automake-1.10'
AWK='gawk'
CC='gcc'
CCDEPMODE='depmode=gcc3'
CFLAGS='-g -O2'
CPP='gcc -E'
CPPFLAGS=''
CYGPATH_W='echo'
DEFS='-DHAVE_CONFIG_H'
DEPDIR='.deps'
DSYMUTIL=''
DUMPBIN=''
ECHO_C=''
ECHO_N='-n'
ECHO_T=''
EGREP='/bin/grep -E'
EXEEXT=''
FGREP='/bin/grep -F'
GREP='/bin/grep'
GSL_CFLAGS=' '
GSL_LIBS='-lgsl -lgslcblas -lm  '
GSTCTRL_CFLAGS='-pthread -I/usr/include/gstreamer-0.10 -I/usr/include/glib-2.0 -I/usr/lib/glib-2.0/include -I/usr/include/libxml2  '
GSTCTRL_LIBS='-pthread -lgstcontroller-0.10 -lgstreamer-0.10 -lgobject-2.0 -lgmodule-2.0 -lxml2 -lgthread-2.0 -lrt -lglib-2.0  '
GSTPB_BASE_CFLAGS='-pthread -I/usr/include/gstreamer-0.10 -I/usr/include/glib-2.0 -I/usr/lib/glib-2.0/include -I/usr/include/libxml2  '
GSTPB_BASE_LIBS='-pthread -lgstreamer-0.10 -lgobject-2.0 -lgmodule-2.0 -lxml2 -lgthread-2.0 -lrt -lglib-2.0  '
GST_BASE_CFLAGS='-pthread -I/usr/include/gstreamer-0.10 -I/usr/include/glib-2.0 -I/usr/lib/glib-2.0/include -I/usr/include/libxml2  '
GST_BASE_LIBS='-pthread -lgstbase-0.10 -lgstreamer-0.10 -lgobject-2.0 -lgmodule-2.0 -lxml2 -lgthread-2.0 -lrt -lglib-2.0  '
GST_CFLAGS='-pthread -I/usr/include/gstreamer-0.10 -I/usr/include/glib-2.0 -I/usr/lib/glib-2.0/include -I/usr/include/libxml2    -Wall'
GST_LIBS='-pthread -lgstreamer-0.10 -lgobject-2.0 -lgmodule-2.0 -lxml2 -lgthread-2.0 -lrt -lglib-2.0  '
GST_MAJORMINOR='0.10'
GST_PLUGIN_LDFLAGS='-module -avoid-version -export-symbols-regex _*\(gst_\|Gst\|GST_\).*'
GST_SAD_VERSION='0.2.9.2'
GST_SAD_VERSION_MAJOR='0'
GST_SAD_VERSION_MICRO='9'
GST_SAD_VERSION_MINOR='2'
GST_SAD_VERSION_NANO='2'
GST_SAD_VERSION_RELEASE='0.20110327.135016'
HAVE_PKGCONFIG='yes'
INSTALL_DATA='${INSTALL} -m 644'
INSTALL_PROGRAM='${INSTALL}'
INSTALL_SCRIPT='${INSTALL}'
INSTALL_STRIP_PROGRAM='$(install_sh) -c -s'
LD='/usr/bin/ld'
LDFLAGS=''
LIBOBJS=''
LIBS='-lgsl -lgslcblas -lm '
LIBTOOL='$(SHELL) $(top_builddir)/libtool'
LIPO=''
LN_S='ln -s'
LTLIBOBJS=''
MAINT='#'
MAINTAINER_MODE_FALSE=''
MAINTAINER_MODE_TRUE='#'
MAKEINFO='${SHELL} /home/tbh/tbh/code/trunk/tbh_speech_activity_detector/src/gstSAD-0.2.9.2/missing --run makeinfo'
MKDIR_P='/bin/mkdir -p'
NM='/usr/bin/nm -B'
NMEDIT=''
OBJDUMP='objdump'
OBJEXT='o'
OTOOL64=''
OTOOL=''
PACKAGE='gstSAD'
PACKAGE_BUGREPORT=''
PACKAGE_NAME=''
PACKAGE_STRING=''
PACKAGE_TARNAME=''
PACKAGE_VERSION=''
PATH_SEPARATOR=':'
PKG_CONFIG='/usr/bin/pkg-config'
RANLIB='ranlib'
SED='/bin/sed'
SET_MAKE=''
SHELL='/bin/bash'
STRIP='strip'
VERSION='0.2.9.2'
ac_ct_CC='gcc'
ac_ct_DUMPBIN=''
am__fastdepCC_FALSE='#'
am__fastdepCC_TRUE=''
am__include='include'
am__isrc=''
am__leading_dot='.'
am__quote=''
am__tar='${AMTAR} chof - "$$tardir"'
am__untar='${AMTAR} xf -'
bindir='${exec_prefix}/bin'
build='i686-pc-linux-gnu'
build_alias=''
build_cpu='i686'
build_os='linux-gnu'
build_vendor='pc'
datadir='${datarootdir}'
datarootdir='${prefix}/share'
docdir='${datarootdir}/doc/${PACKAGE}'
dvidir='${docdir}'
exec_prefix='${prefix}'
host='i686-pc-linux-gnu'
host_alias=''
host_cpu='i686'
host_os='linux-gnu'
host_vendor='pc'
htmldir='${docdir}'
includedir='${prefix}/include'
infodir='${datarootdir}/info'
install_sh='$(SHELL) /home/tbh/tbh/code/trunk/tbh_speech_activity_detector/src/gstSAD-0.2.9.2/install-sh'
libdir='${exec_prefix}/lib'
libexecdir='${exec_prefix}/libexec'
localedir='${datarootdir}/locale'
localstatedir='${prefix}/var'
lt_ECHO='echo'
mandir='${datarootdir}/man'
mkdir_p='/bin/mkdir -p'
oldincludedir='/usr/include'
pdfdir='${docdir}'
plugindir='$(libdir)/gstreamer-0.10'
prefix='/usr'
program_transform_name='s,x,x,'
psdir='${docdir}'
sbindir='${exec_prefix}/sbin'
sharedstatedir='${prefix}/com'
sysconfdir='${prefix}/etc'
target_alias=''

## ----------- ##
## confdefs.h. ##
## ----------- ##

#define PACKAGE_NAME ""
#define PACKAGE_TARNAME ""
#define PACKAGE_VERSION ""
#define PACKAGE_STRING ""
#define PACKAGE_BUGREPORT ""
#define GST_SAD_VERSION "0.2.9.2"
#define GST_SAD_VERSION_RELEASE "0.20110327.135016"
#define PACKAGE "gstSAD"
#define VERSION "0.2.9.2"
#define PACKAGE "gstSAD"
#define VERSION "0.2.9.2"
#define STDC_HEADERS 1
#define HAVE_SYS_TYPES_H 1
#define HAVE_SYS_STAT_H 1
#define HAVE_STDLIB_H 1
#define HAVE_STRING_H 1
#define HAVE_MEMORY_H 1
#define HAVE_STRINGS_H 1
#define HAVE_INTTYPES_H 1
#define HAVE_STDINT_H 1
#define HAVE_UNISTD_H 1
#define HAVE_DLFCN_H 1
#define LT_OBJDIR ".libs/"
#define HAVE_LIBM 1
#define HAVE_LIBGSLCBLAS 1
#define HAVE_LIBGSL 1

configure: exit 0
